{'_class': 'hudson.model.User', 'absoluteUrl': 'http://sola.local:8080/user/solao', 'description': None, 'fullName': 'Sola Otudeko', 'id': 'solao', 'property': [{'_class': 'jenkins.security.ApiTokenProperty'}, {'_class': 'com.cloudbees.plugins.credentials.UserCredentialsProvider$UserCredentialsProperty'}, {'_class': 'hudson.plugins.emailext.watching.EmailExtWatchAction$UserProperty', 'triggers': []}, {'_class': 'hudson.model.MyViewsProperty'}, {'_class': 'org.jenkinsci.plugins.displayurlapi.user.PreferredProviderUserProperty'}, {'_class': 'hudson.model.PaneStatusProperties'}, {'_class': 'hudson.search.UserSearchProperty', 'insensitiveSearch': True}, {'_class': 'hudson.security.HudsonPrivateSecurityRealm$Details'}, {'_class': 'hudson.tasks.Mailer$UserProperty', 'address': 'sotudeko@sonatype.com'}, {'_class': 'jenkins.security.LastGrantedAuthoritiesProperty'}, {'_class': 'hudson.plugins.favorite.user.FavoriteUserProperty'}, {'_class': 'io.jenkins.blueocean.autofavorite.user.FavoritingUserProperty'}, {'_class': 'jenkins.security.seed.UserSeedProperty'}, {'_class': 'hudson.model.TimeZoneProperty'}]}
Anchore
Anchore2
Angular9-Example-App
Build-NXIQ-Git
Build-Scan
Build-Upload-WebGoat
Build_MD5
Conan_Build_Demo
Consume-Webhook
demo
demo-freestyle
Demo-pipeline
Demo-pipeline-2
Docker-Scans
docker-test
GitHub-Intg
IQ+Clair-Scan
Javascript
Jen
Jenfree
manage-plugins
NUC
Other
P1
P2
Project_Autoapps
Python
Qa
Repo
Route-To-Live
RTL
SO-Demo-pipeline
test-pipeline
TestPL
Waiver Test
WebGoat
WebGoat-archive
WebGoat-clair-scan
WebGoat-cli-scan
WebGoat-freestyle
WebGoat.global-upload
Workshop-Demo
Write-json
x_Repo__staging-demo__master.xml
x_Repo__Upload-An-Item.xml
x_Repo__WebGoat-Example-1.xml
x_Repo__WebGoat-Example.xml
x_Route-To-Live__NXRM-Tagging.xml
x_Route-To-Live__WebGoat-Build-2.xml
x_Route-To-Live__WebGoat-Build.xml
x_Route-To-Live__WebGoat-Promote.xml
x_RTL.xml
x_SO-Demo-pipeline.xml
x_test-pipeline.xml
x_TestPL.xml
x_Waiver Test.xml
x_WebGoat-archive__webgoat-ans.xml
x_WebGoat-archive__WebGoat-Example-Staging-Demo.xml
x_WebGoat-archive__WebGoat-Server-Side.xml
x_WebGoat-clair-scan.xml
x_WebGoat-cli-scan.xml
x_WebGoat-freestyle.xml
x_WebGoat.global-upload.xml
x_WebGoat__WebGoat-Build-Upload.xml
x_WebGoat__WebGoat-Legacy-Tag-Upload.xml
x_WebGoat__WebGoat-mvn-scan.xml
x_WebGoat__WebGoat-Promote.xml
x_Workshop-Demo__Build-WebGoat.xml
x_Workshop-Demo__Promote-Build.xml
x_Write-json.xml
y_Anchore
y_Anchore2
y_Build-Scan
y_GitHub-Intg
y_Javascript
y_NUC
y_Project_Autoapps
y_Python
y_Repo
y_Route-To-Live
y_WebGoat
y_WebGoat-archive
y_Workshop-Demo
z_Anchore
z_Anchore2
z_Build-Scan
z_GitHub-Intg
z_Javascript
z_NUC
z_Project_Autoapps
z_Python
z_Repo
z_Route-To-Live
z_WebGoat
z_WebGoat-archive
z_Workshop-Demo
zz_Anchore
zz_Anchore2
zz_Build-Scan
zz_Conan_Build_Demo
zz_demo
zz_demo-freestyle
zz_Demo-pipeline
zz_GitHub-Intg
zz_Javascript
zz_Jen
zz_Jenfree
zz_NUC
zz_Project_Autoapps
zz_Python
zz_Repo
zz_Route-To-Live
zz_TestPL
zz_WebGoat
zz_WebGoat-archive
zz_WebGoat-clair-scan
zz_WebGoat.global-upload
zz_Workshop-Demo
zz_Write-json
Anchore/AnchoreTest
Anchore/WebGoat-anchore-scan
Anchore2/AnchoreTest
Anchore2/WebGoat-anchore-scan
Build-Scan/Brickhouse2
Build-Scan/Maven-Plugin-Scan
Build-Scan/brickhouse
Docker-Scans/Clair-Scan
GitHub-Intg/GitHub-Intg
Javascript/Juice-Shop
Javascript/npmtest
Javascript/simple-node-js-react-npm-app
NUC/Build
NUC/nuc-fs
NUC/nuc-pipeline
Project_Autoapps/Build-Auto-App
Project_Autoapps/IQ_Application_Setup
Project_Autoapps/Staging
Project_Autoapps/Test-Autoapp
Python/Py-App Build
Repo/Artifact-Upload
Repo/Jenkins-Staging-Example
Repo/Promote to Test
Repo/Promote-WebGoat-Example-to-Prod
Repo/Promote-WebGoat-Example-to-Test
Repo/Repo-tag
Repo/Tagging
Repo/Upload-An-Item
Repo/WebGoat-Example
Repo/WebGoat-Example-1
Repo/staging-demo
Route-To-Live/NXRM-Tagging
Route-To-Live/WebGoat-Build-Scan-Tag-Upload
Route-To-Live/WebGoat-IQ-Clair
Route-To-Live/WebGoat-Promote
WebGoat/WebGoat-Build-Upload
WebGoat/WebGoat-Legacy-Tag-Upload
WebGoat/WebGoat-Promote
WebGoat/WebGoat-mvn-scan
WebGoat-archive/WebGoat-Example-Staging-Demo
WebGoat-archive/WebGoat-Server-Side
WebGoat-archive/webgoat-ans
Workshop-Demo/Build-WebGoat
Workshop-Demo/Promote-Build
z_WebGoat/WebGoat-Promote
zz_Anchore/AnchoreTest
zz_Anchore/WebGoat-anchore-scan
zz_Anchore2/WebGoat-anchore-scan
zz_Build-Scan/brickhouse
zz_Javascript/simple-node-js-react-npm-app
zz_NUC/Build
zz_NUC/nuc-pipeline
zz_Project_Autoapps/Build-Auto-App
zz_Project_Autoapps/IQ_Application_Setup
zz_Python/Py-App Build
zz_Repo/Artifact-Upload
zz_Repo/Jenkins-Staging-Example
zz_Repo/Promote to Test
zz_Repo/Promote-WebGoat-Example-to-Prod
zz_Repo/Promote-WebGoat-Example-to-Test
zz_Repo/Tagging
zz_Repo/WebGoat-Example
zz_Route-To-Live/WebGoat-Build
zz_Route-To-Live/WebGoat-Build-2
zz_Route-To-Live/WebGoat-Promote
zz_WebGoat/WebGoat-Build-Upload
zz_WebGoat-archive/WebGoat-Example-Staging-Demo
zz_WebGoat-archive/webgoat-ans
zz_Workshop-Demo/Promote-Build
Repo/staging-demo/master
